  Skipping... (no relevant changes detected)
  Game.cpp
VertexBufferObjectIndexed.obj : warning LNK4099: PDB 'vc141.pdb' was not found with 'VertexBufferObjectIndexed.obj' or at 'C:\Users\alexd\OneDrive\Documents\Computer Graphics\Coursework - submission\Source\Debug\vc141.pdb'; linking object as if no debug info
VertexBufferObject.obj : warning LNK4099: PDB 'vc141.pdb' was not found with 'VertexBufferObject.obj' or at 'C:\Users\alexd\OneDrive\Documents\Computer Graphics\Coursework - submission\Source\Debug\vc141.pdb'; linking object as if no debug info
Vertex.obj : warning LNK4099: PDB 'vc141.pdb' was not found with 'Vertex.obj' or at 'C:\Users\alexd\OneDrive\Documents\Computer Graphics\Coursework - submission\Source\Debug\vc141.pdb'; linking object as if no debug info
Torus.obj : warning LNK4099: PDB 'vc141.pdb' was not found with 'Torus.obj' or at 'C:\Users\alexd\OneDrive\Documents\Computer Graphics\Coursework - submission\Source\Debug\vc141.pdb'; linking object as if no debug info
Texture.obj : warning LNK4099: PDB 'vc141.pdb' was not found with 'Texture.obj' or at 'C:\Users\alexd\OneDrive\Documents\Computer Graphics\Coursework - submission\Source\Debug\vc141.pdb'; linking object as if no debug info
Sphere.obj : warning LNK4099: PDB 'vc141.pdb' was not found with 'Sphere.obj' or at 'C:\Users\alexd\OneDrive\Documents\Computer Graphics\Coursework - submission\Source\Debug\vc141.pdb'; linking object as if no debug info
Skybox.obj : warning LNK4099: PDB 'vc141.pdb' was not found with 'Skybox.obj' or at 'C:\Users\alexd\OneDrive\Documents\Computer Graphics\Coursework - submission\Source\Debug\vc141.pdb'; linking object as if no debug info
Shaders.obj : warning LNK4099: PDB 'vc141.pdb' was not found with 'Shaders.obj' or at 'C:\Users\alexd\OneDrive\Documents\Computer Graphics\Coursework - submission\Source\Debug\vc141.pdb'; linking object as if no debug info
Plane.obj : warning LNK4099: PDB 'vc141.pdb' was not found with 'Plane.obj' or at 'C:\Users\alexd\OneDrive\Documents\Computer Graphics\Coursework - submission\Source\Debug\vc141.pdb'; linking object as if no debug info
OpenAssetImportMesh.obj : warning LNK4099: PDB 'vc141.pdb' was not found with 'OpenAssetImportMesh.obj' or at 'C:\Users\alexd\OneDrive\Documents\Computer Graphics\Coursework - submission\Source\Debug\vc141.pdb'; linking object as if no debug info
MatrixStack.obj : warning LNK4099: PDB 'vc141.pdb' was not found with 'MatrixStack.obj' or at 'C:\Users\alexd\OneDrive\Documents\Computer Graphics\Coursework - submission\Source\Debug\vc141.pdb'; linking object as if no debug info
Jeep.obj : warning LNK4099: PDB 'vc141.pdb' was not found with 'Jeep.obj' or at 'C:\Users\alexd\OneDrive\Documents\Computer Graphics\Coursework - submission\Source\Debug\vc141.pdb'; linking object as if no debug info
HighResolutionTimer.obj : warning LNK4099: PDB 'vc141.pdb' was not found with 'HighResolutionTimer.obj' or at 'C:\Users\alexd\OneDrive\Documents\Computer Graphics\Coursework - submission\Source\Debug\vc141.pdb'; linking object as if no debug info
GameWindow.obj : warning LNK4099: PDB 'vc141.pdb' was not found with 'GameWindow.obj' or at 'C:\Users\alexd\OneDrive\Documents\Computer Graphics\Coursework - submission\Source\Debug\vc141.pdb'; linking object as if no debug info
FreeTypeFont.obj : warning LNK4099: PDB 'vc141.pdb' was not found with 'FreeTypeFont.obj' or at 'C:\Users\alexd\OneDrive\Documents\Computer Graphics\Coursework - submission\Source\Debug\vc141.pdb'; linking object as if no debug info
Cubemap.obj : warning LNK4099: PDB 'vc141.pdb' was not found with 'Cubemap.obj' or at 'C:\Users\alexd\OneDrive\Documents\Computer Graphics\Coursework - submission\Source\Debug\vc141.pdb'; linking object as if no debug info
Cube.obj : warning LNK4099: PDB 'vc141.pdb' was not found with 'Cube.obj' or at 'C:\Users\alexd\OneDrive\Documents\Computer Graphics\Coursework - submission\Source\Debug\vc141.pdb'; linking object as if no debug info
CatmullRom.obj : warning LNK4099: PDB 'vc141.pdb' was not found with 'CatmullRom.obj' or at 'C:\Users\alexd\OneDrive\Documents\Computer Graphics\Coursework - submission\Source\Debug\vc141.pdb'; linking object as if no debug info
Camera.obj : warning LNK4099: PDB 'vc141.pdb' was not found with 'Camera.obj' or at 'C:\Users\alexd\OneDrive\Documents\Computer Graphics\Coursework - submission\Source\Debug\vc141.pdb'; linking object as if no debug info
Audio.obj : warning LNK4099: PDB 'vc141.pdb' was not found with 'Audio.obj' or at 'C:\Users\alexd\OneDrive\Documents\Computer Graphics\Coursework - submission\Source\Debug\vc141.pdb'; linking object as if no debug info
  OpenGLTemplate.vcxproj -> C:\Users\alexd\OneDrive\Documents\Computer Graphics\Coursework - submission\Source\Debug\OpenGLTemplate.exe
